CRITICAL - 2025-05-19 11:35:54 --> ErrorException: Undefined variable $name
[Method: POST, Route: attendance/login]
in APPPATH\Controllers\Attendance.php on line 24.
 1 APPPATH\Controllers\Attendance.php(24): CodeIgniter\Debug\Exceptions->errorHandler(2, 'Undefined variable $name', 'C:\\xampp\\htdocs\\attendence\\app\\Controllers\\Attendance.php', 24)
 2 SYSTEMPATH\CodeIgniter.php(933): App\Controllers\Attendance->login()
 3 SYSTEMPATH\CodeIgniter.php(507): CodeIgniter\CodeIgniter->runController(Object(App\Controllers\Attendance))
 4 SYSTEMPATH\CodeIgniter.php(354): CodeIgniter\CodeIgniter->handleRequest(null, Object(Config\Cache), false)
 5 SYSTEMPATH\Boot.php(334): CodeIgniter\CodeIgniter->run()
 6 SYSTEMPATH\Boot.php(67): CodeIgniter\Boot::runCodeIgniter(Object(CodeIgniter\CodeIgniter))
 7 FCPATH\index.php(56): CodeIgniter\Boot::bootWeb(Object(Config\Paths))
CRITICAL - 2025-05-19 11:36:11 --> ErrorException: Undefined variable $name
[Method: POST, Route: attendance/login]
in APPPATH\Controllers\Attendance.php on line 24.
 1 APPPATH\Controllers\Attendance.php(24): CodeIgniter\Debug\Exceptions->errorHandler(2, 'Undefined variable $name', 'C:\\xampp\\htdocs\\attendence\\app\\Controllers\\Attendance.php', 24)
 2 SYSTEMPATH\CodeIgniter.php(933): App\Controllers\Attendance->login()
 3 SYSTEMPATH\CodeIgniter.php(507): CodeIgniter\CodeIgniter->runController(Object(App\Controllers\Attendance))
 4 SYSTEMPATH\CodeIgniter.php(354): CodeIgniter\CodeIgniter->handleRequest(null, Object(Config\Cache), false)
 5 SYSTEMPATH\Boot.php(334): CodeIgniter\CodeIgniter->run()
 6 SYSTEMPATH\Boot.php(67): CodeIgniter\Boot::runCodeIgniter(Object(CodeIgniter\CodeIgniter))
 7 FCPATH\index.php(56): CodeIgniter\Boot::bootWeb(Object(Config\Paths))
